<?xml version="1.0" encoding="UTF-8"?>
<testng-results ignored="0" total="1" passed="1" failed="0" skipped="0">
  <reporter-output>
  </reporter-output>
  <suite started-at="2023-01-02T21:18:56 IST" name="Default suite" finished-at="2023-01-02T21:19:06 IST" duration-ms="10638">
    <groups>
    </groups>
    <test started-at="2023-01-02T21:18:56 IST" name="Default test" finished-at="2023-01-02T21:19:06 IST" duration-ms="10638">
      <class name="com.smallcase.testCases.SmallCaseTest">
        <test-method is-config="true" signature="launchbrowser()[pri:0, instance:com.smallcase.testCases.SmallCaseTest@73e9cf30]" started-at="2023-01-02T21:18:56 IST" name="launchbrowser" finished-at="2023-01-02T21:19:01 IST" duration-ms="5199" status="PASS">
          <reporter-output>
          </reporter-output>
        </test-method> <!-- launchbrowser -->
        <test-method signature="Test1()[pri:0, instance:com.smallcase.testCases.SmallCaseTest@73e9cf30]" started-at="2023-01-02T21:19:01 IST" name="Test1" finished-at="2023-01-02T21:19:06 IST" duration-ms="4936" status="PASS">
          <reporter-output>
          </reporter-output>
        </test-method> <!-- Test1 -->
        <test-method is-config="true" signature="close()[pri:0, instance:com.smallcase.testCases.SmallCaseTest@73e9cf30]" started-at="2023-01-02T21:19:06 IST" name="close" finished-at="2023-01-02T21:19:06 IST" duration-ms="449" status="PASS">
          <reporter-output>
          </reporter-output>
        </test-method> <!-- close -->
      </class> <!-- com.smallcase.testCases.SmallCaseTest -->
    </test> <!-- Default test -->
  </suite> <!-- Default suite -->
</testng-results>
